[debug] [2024-09-04T20:41:36.178Z] ----------------------------------------------------------------------
[debug] [2024-09-04T20:41:36.181Z] Command:       C:\Program Files\nodejs\node.exe C:\Users\AL HASEEB COMPUTER\AppData\Roaming\npm\node_modules\firebase-tools\lib\bin\firebase.js init functions
[debug] [2024-09-04T20:41:36.182Z] CLI Version:   13.16.0
[debug] [2024-09-04T20:41:36.182Z] Platform:      win32
[debug] [2024-09-04T20:41:36.182Z] Node Version:  v21.4.0
[debug] [2024-09-04T20:41:36.183Z] Time:          Thu Sep 05 2024 01:41:36 GMT+0500 (Pakistan Standard Time)
[debug] [2024-09-04T20:41:36.183Z] ----------------------------------------------------------------------
[debug] 
[debug] [2024-09-04T20:41:36.186Z] >>> [apiv2][query] GET https://firebase-public.firebaseio.com/cli.json [none]
[debug] [2024-09-04T20:41:36.255Z] > command requires scopes: ["email","openid","https://www.googleapis.com/auth/cloudplatformprojects.readonly","https://www.googleapis.com/auth/firebase","https://www.googleapis.com/auth/cloud-platform"]
[debug] [2024-09-04T20:41:36.255Z] > authorizing via signed-in user (hfahad534@gmail.com)
[info] 
     ######## #### ########  ######## ########     ###     ######  ########
     ##        ##  ##     ## ##       ##     ##  ##   ##  ##       ##
     ######    ##  ########  ######   ########  #########  ######  ######
     ##        ##  ##    ##  ##       ##     ## ##     ##       ## ##
     ##       #### ##     ## ######## ########  ##     ##  ######  ########

You're about to initialize a Firebase project in this directory:

  D:\ReactProjects\hostel-reserv

[debug] [2024-09-04T20:41:36.952Z] <<< [apiv2][status] GET https://firebase-public.firebaseio.com/cli.json 200
[debug] [2024-09-04T20:41:36.952Z] <<< [apiv2][body] GET https://firebase-public.firebaseio.com/cli.json {"cloudBuildErrorAfter":1594252800000,"cloudBuildWarnAfter":1590019200000,"defaultNode10After":1594252800000,"minVersion":"3.0.5","node8DeploysDisabledAfter":1613390400000,"node8RuntimeDisabledAfter":1615809600000,"node8WarnAfter":1600128000000}
[info] 
=== Project Setup
[info] 
[info] First, let's associate this project directory with a Firebase project.
[info] You can create multiple project aliases by running firebase use --add, 
[info] but for now we'll just set up a default project.
[info] 
